[01m[K/home/emslab/BagFromImages-master_catkin/catkim_ws/src/BagFromImages-master/main.cc:[m[K In function ‘[01m[Kint main(int, char**)[m[K’:
[01m[K/home/emslab/BagFromImages-master_catkin/catkim_ws/src/BagFromImages-master/main.cc:85:61:[m[K [01;31m[Kerror: [m[Kinvalid operands of types ‘[01m[Kconst char*[m[K’ and ‘[01m[Kconst char [20][m[K’ to binary ‘[01m[Koperator+[m[K’
   85 |     cv::FileStorage fskeyptsLeft([32m[Kleft_kptsndescs_dir.c_str()[m[K[01;31m[K+[m[K[34m[K"keypointsLeft_r.yml"[m[K, cv::FileStorage::READ);
      |                                  [32m[K~~~~~~~~~~~~~~~~~~~~~~~~~~~[m[K[01;31m[K^[m[K[34m[K~~~~~~~~~~~~~~~~~~~~~[m[K
      |                                                           [32m[K|[m[K  [34m[K|[m[K
      |                                                           [32m[K|[m[K  [34m[Kconst char [20][m[K
      |                                                           [32m[Kconst char*[m[K
[01m[K/home/emslab/BagFromImages-master_catkin/catkim_ws/src/BagFromImages-master/main.cc:86:60:[m[K [01;31m[Kerror: [m[Kinvalid operands of types ‘[01m[Kconst char*[m[K’ and ‘[01m[Kconst char [22][m[K’ to binary ‘[01m[Koperator+[m[K’
   86 |     cv::FileStorage fsdescsLeft([32m[Kleft_kptsndescs_dir.c_str()[m[K[01;31m[K+[m[K[34m[K"descriptorsLeft_r.yml"[m[K, cv::FileStorage::READ);
      |                                 [32m[K~~~~~~~~~~~~~~~~~~~~~~~~~~~[m[K[01;31m[K^[m[K[34m[K~~~~~~~~~~~~~~~~~~~~~~~[m[K
      |                                                          [32m[K|[m[K  [34m[K|[m[K
      |                                                          [32m[K|[m[K  [34m[Kconst char [22][m[K
      |                                                          [32m[Kconst char*[m[K
[01m[K/home/emslab/BagFromImages-master_catkin/catkim_ws/src/BagFromImages-master/main.cc:87:63:[m[K [01;31m[Kerror: [m[Kinvalid operands of types ‘[01m[Kconst char*[m[K’ and ‘[01m[Kconst char [21][m[K’ to binary ‘[01m[Koperator+[m[K’
   87 |     cv::FileStorage fskeyptsRight([32m[Kright_kptsndescs_dir.c_str()[m[K[01;31m[K+[m[K[34m[K"keypointsRight_r.yml"[m[K, cv::FileStorage::READ);
      |                                   [32m[K~~~~~~~~~~~~~~~~~~~~~~~~~~~~[m[K[01;31m[K^[m[K[34m[K~~~~~~~~~~~~~~~~~~~~~~[m[K
      |                                                             [32m[K|[m[K  [34m[K|[m[K
      |                                                             [32m[K|[m[K  [34m[Kconst char [21][m[K
      |                                                             [32m[Kconst char*[m[K
[01m[K/home/emslab/BagFromImages-master_catkin/catkim_ws/src/BagFromImages-master/main.cc:88:62:[m[K [01;31m[Kerror: [m[Kinvalid operands of types ‘[01m[Kconst char*[m[K’ and ‘[01m[Kconst char [23][m[K’ to binary ‘[01m[Koperator+[m[K’
   88 |     cv::FileStorage fsdescsRight([32m[Kright_kptsndescs_dir.c_str()[m[K[01;31m[K+[m[K[34m[K"descriptorsRight_r.yml"[m[K, cv::FileStorage::READ);
      |                                  [32m[K~~~~~~~~~~~~~~~~~~~~~~~~~~~~[m[K[01;31m[K^[m[K[34m[K~~~~~~~~~~~~~~~~~~~~~~~~[m[K
      |                                                            [32m[K|[m[K  [34m[K|[m[K
      |                                                            [32m[K|[m[K  [34m[Kconst char [23][m[K
      |                                                            [32m[Kconst char*[m[K
make[2]: *** [CMakeFiles/main.dir/build.make:66: CMakeFiles/main.dir/main.cc.o] Error 1
make[1]: *** [CMakeFiles/Makefile2:1709: CMakeFiles/main.dir/all] Error 2
make: *** [Makefile:144: all] Error 2
