In file included from [01m[K/opt/ros/noetic/include/ros/serialization.h:37[m[K,
                 from [01m[K/opt/ros/noetic/include/ros/publisher.h:34[m[K,
                 from [01m[K/opt/ros/noetic/include/ros/node_handle.h:32[m[K,
                 from [01m[K/opt/ros/noetic/include/ros/ros.h:45[m[K,
                 from [01m[K/home/emslab/BagFromImages-master_catkin/catkim_ws/src/BagFromImages-master/main.cc:2[m[K:
/opt/ros/noetic/include/ros/message_traits.h: In instantiation of ‘[01m[Kstatic const char* ros::message_traits::DataType<M>::value(const M&) [with M = std::vector<BagFromImages::KeyPoint_<std::allocator<void> > >][m[K’:
[01m[K/opt/ros/noetic/include/ros/message_traits.h:263:104:[m[K   required from ‘[01m[Kconst char* ros::message_traits::datatype(const M&) [with M = std::vector<BagFromImages::KeyPoint_<std::allocator<void> > >][m[K’
[01m[K/opt/ros/noetic/include/rosbag/bag.h:577:82:[m[K   required from ‘[01m[Kvoid rosbag::Bag::doWrite(const string&, const ros::Time&, const T&, const boost::shared_ptr<std::map<std::__cxx11::basic_string<char>, std::__cxx11::basic_string<char> > >&) [with T = std::vector<BagFromImages::KeyPoint_<std::allocator<void> > >; std::string = std::__cxx11::basic_string<char>][m[K’
[01m[K/opt/ros/noetic/include/rosbag/bag.h:375:5:[m[K   required from ‘[01m[Kvoid rosbag::Bag::write(const string&, const ros::Time&, const T&, boost::shared_ptr<std::map<std::__cxx11::basic_string<char>, std::__cxx11::basic_string<char> > >) [with T = std::vector<BagFromImages::KeyPoint_<std::allocator<void> > >; std::string = std::__cxx11::basic_string<char>][m[K’
[01m[K/home/emslab/BagFromImages-master_catkin/catkim_ws/src/BagFromImages-master/main.cc:224:70:[m[K   required from here
[01m[K/opt/ros/noetic/include/ros/message_traits.h:142:14:[m[K [01;31m[Kerror: [m[K‘[01m[Kconst class std::vector<BagFromImages::KeyPoint_<std::allocator<void> > >[m[K’ has no member named ‘[01m[K__getDataType[m[K’
  142 |     return [01;31m[Km.__getDataType[m[K().c_str();
      |            [01;31m[K~~^~~~~~~~~~~~~[m[K
/opt/ros/noetic/include/ros/message_traits.h: In instantiation of ‘[01m[Kstatic const char* ros::message_traits::MD5Sum<M>::value(const M&) [with M = std::vector<BagFromImages::KeyPoint_<std::allocator<void> > >][m[K’:
[01m[K/opt/ros/noetic/include/ros/message_traits.h:254:102:[m[K   required from ‘[01m[Kconst char* ros::message_traits::md5sum(const M&) [with M = std::vector<BagFromImages::KeyPoint_<std::allocator<void> > >][m[K’
[01m[K/opt/ros/noetic/include/rosbag/bag.h:578:80:[m[K   required from ‘[01m[Kvoid rosbag::Bag::doWrite(const string&, const ros::Time&, const T&, const boost::shared_ptr<std::map<std::__cxx11::basic_string<char>, std::__cxx11::basic_string<char> > >&) [with T = std::vector<BagFromImages::KeyPoint_<std::allocator<void> > >; std::string = std::__cxx11::basic_string<char>][m[K’
[01m[K/opt/ros/noetic/include/rosbag/bag.h:375:5:[m[K   required from ‘[01m[Kvoid rosbag::Bag::write(const string&, const ros::Time&, const T&, boost::shared_ptr<std::map<std::__cxx11::basic_string<char>, std::__cxx11::basic_string<char> > >) [with T = std::vector<BagFromImages::KeyPoint_<std::allocator<void> > >; std::string = std::__cxx11::basic_string<char>][m[K’
[01m[K/home/emslab/BagFromImages-master_catkin/catkim_ws/src/BagFromImages-master/main.cc:224:70:[m[K   required from here
[01m[K/opt/ros/noetic/include/ros/message_traits.h:125:14:[m[K [01;31m[Kerror: [m[K‘[01m[Kconst class std::vector<BagFromImages::KeyPoint_<std::allocator<void> > >[m[K’ has no member named ‘[01m[K__getMD5Sum[m[K’
  125 |     return [01;31m[Km.__getMD5Sum[m[K().c_str();
      |            [01;31m[K~~^~~~~~~~~~~[m[K
/opt/ros/noetic/include/ros/message_traits.h: In instantiation of ‘[01m[Kstatic const char* ros::message_traits::Definition<M>::value(const M&) [with M = std::vector<BagFromImages::KeyPoint_<std::allocator<void> > >][m[K’:
[01m[K/opt/ros/noetic/include/ros/message_traits.h:272:106:[m[K   required from ‘[01m[Kconst char* ros::message_traits::definition(const M&) [with M = std::vector<BagFromImages::KeyPoint_<std::allocator<void> > >][m[K’
[01m[K/opt/ros/noetic/include/rosbag/bag.h:579:84:[m[K   required from ‘[01m[Kvoid rosbag::Bag::doWrite(const string&, const ros::Time&, const T&, const boost::shared_ptr<std::map<std::__cxx11::basic_string<char>, std::__cxx11::basic_string<char> > >&) [with T = std::vector<BagFromImages::KeyPoint_<std::allocator<void> > >; std::string = std::__cxx11::basic_string<char>][m[K’
[01m[K/opt/ros/noetic/include/rosbag/bag.h:375:5:[m[K   required from ‘[01m[Kvoid rosbag::Bag::write(const string&, const ros::Time&, const T&, boost::shared_ptr<std::map<std::__cxx11::basic_string<char>, std::__cxx11::basic_string<char> > >) [with T = std::vector<BagFromImages::KeyPoint_<std::allocator<void> > >; std::string = std::__cxx11::basic_string<char>][m[K’
[01m[K/home/emslab/BagFromImages-master_catkin/catkim_ws/src/BagFromImages-master/main.cc:224:70:[m[K   required from here
[01m[K/opt/ros/noetic/include/ros/message_traits.h:159:14:[m[K [01;31m[Kerror: [m[K‘[01m[Kconst class std::vector<BagFromImages::KeyPoint_<std::allocator<void> > >[m[K’ has no member named ‘[01m[K__getMessageDefinition[m[K’
  159 |     return [01;31m[Km.__getMessageDefinition[m[K().c_str();
      |            [01;31m[K~~^~~~~~~~~~~~~~~~~~~~~~[m[K
make[2]: *** [CMakeFiles/main.dir/build.make:66: CMakeFiles/main.dir/main.cc.o] Error 1
make[1]: *** [CMakeFiles/Makefile2:1775: CMakeFiles/main.dir/all] Error 2
make: *** [Makefile:144: all] Error 2
