Linked: (/home/emslab/BagFromImages-master_catkin/catkim_ws/devel/.private/BagFromImages/lib/libFileFunctions.so, /home/emslab/BagFromImages-master_catkin/catkim_ws/devel/lib/libFileFunctions.so)
Linked: (/home/emslab/BagFromImages-master_catkin/catkim_ws/devel/.private/BagFromImages/lib/python3/dist-packages/BagFromImages/__init__.py, /home/emslab/BagFromImages-master_catkin/catkim_ws/devel/lib/python3/dist-packages/BagFromImages/__init__.py)
Linked: (/home/emslab/BagFromImages-master_catkin/catkim_ws/devel/.private/BagFromImages/lib/python3/dist-packages/BagFromImages/msg/_KeyPoint.py, /home/emslab/BagFromImages-master_catkin/catkim_ws/devel/lib/python3/dist-packages/BagFromImages/msg/_KeyPoint.py)
Linked: (/home/emslab/BagFromImages-master_catkin/catkim_ws/devel/.private/BagFromImages/lib/python3/dist-packages/BagFromImages/msg/_Point2f.py, /home/emslab/BagFromImages-master_catkin/catkim_ws/devel/lib/python3/dist-packages/BagFromImages/msg/_Point2f.py)
Linked: (/home/emslab/BagFromImages-master_catkin/catkim_ws/devel/.private/BagFromImages/lib/python3/dist-packages/BagFromImages/msg/__init__.py, /home/emslab/BagFromImages-master_catkin/catkim_ws/devel/lib/python3/dist-packages/BagFromImages/msg/__init__.py)
Linked: (/home/emslab/BagFromImages-master_catkin/catkim_ws/devel/.private/BagFromImages/lib/python3/dist-packages/BagFromImages/msg/_GlobalDescriptor.py, /home/emslab/BagFromImages-master_catkin/catkim_ws/devel/lib/python3/dist-packages/BagFromImages/msg/_GlobalDescriptor.py)
Linked: (/home/emslab/BagFromImages-master_catkin/catkim_ws/devel/.private/BagFromImages/lib/python3/dist-packages/BagFromImages/msg/_Descriptor.py, /home/emslab/BagFromImages-master_catkin/catkim_ws/devel/lib/python3/dist-packages/BagFromImages/msg/_Descriptor.py)
Symlinking /home/emslab/BagFromImages-master_catkin/catkim_ws/devel/lib/python3/dist-packages/BagFromImages/msg/_KeyPoints.py
Linked: (/home/emslab/BagFromImages-master_catkin/catkim_ws/devel/.private/BagFromImages/lib/pkgconfig/BagFromImages.pc, /home/emslab/BagFromImages-master_catkin/catkim_ws/devel/lib/pkgconfig/BagFromImages.pc)
Linked: (/home/emslab/BagFromImages-master_catkin/catkim_ws/devel/.private/BagFromImages/lib/BagFromImages/main, /home/emslab/BagFromImages-master_catkin/catkim_ws/devel/lib/BagFromImages/main)
Linked: (/home/emslab/BagFromImages-master_catkin/catkim_ws/devel/.private/BagFromImages/share/gennodejs/ros/BagFromImages/_index.js, /home/emslab/BagFromImages-master_catkin/catkim_ws/devel/share/gennodejs/ros/BagFromImages/_index.js)
Symlinking /home/emslab/BagFromImages-master_catkin/catkim_ws/devel/share/gennodejs/ros/BagFromImages/msg/KeyPoints.js
Linked: (/home/emslab/BagFromImages-master_catkin/catkim_ws/devel/.private/BagFromImages/share/gennodejs/ros/BagFromImages/msg/Descriptor.js, /home/emslab/BagFromImages-master_catkin/catkim_ws/devel/share/gennodejs/ros/BagFromImages/msg/Descriptor.js)
Linked: (/home/emslab/BagFromImages-master_catkin/catkim_ws/devel/.private/BagFromImages/share/gennodejs/ros/BagFromImages/msg/Point2f.js, /home/emslab/BagFromImages-master_catkin/catkim_ws/devel/share/gennodejs/ros/BagFromImages/msg/Point2f.js)
Linked: (/home/emslab/BagFromImages-master_catkin/catkim_ws/devel/.private/BagFromImages/share/gennodejs/ros/BagFromImages/msg/GlobalDescriptor.js, /home/emslab/BagFromImages-master_catkin/catkim_ws/devel/share/gennodejs/ros/BagFromImages/msg/GlobalDescriptor.js)
Linked: (/home/emslab/BagFromImages-master_catkin/catkim_ws/devel/.private/BagFromImages/share/gennodejs/ros/BagFromImages/msg/_index.js, /home/emslab/BagFromImages-master_catkin/catkim_ws/devel/share/gennodejs/ros/BagFromImages/msg/_index.js)
Linked: (/home/emslab/BagFromImages-master_catkin/catkim_ws/devel/.private/BagFromImages/share/gennodejs/ros/BagFromImages/msg/KeyPoint.js, /home/emslab/BagFromImages-master_catkin/catkim_ws/devel/share/gennodejs/ros/BagFromImages/msg/KeyPoint.js)
Linked: (/home/emslab/BagFromImages-master_catkin/catkim_ws/devel/.private/BagFromImages/share/common-lisp/ros/BagFromImages/msg/_package_KeyPoint.lisp, /home/emslab/BagFromImages-master_catkin/catkim_ws/devel/share/common-lisp/ros/BagFromImages/msg/_package_KeyPoint.lisp)
Symlinking /home/emslab/BagFromImages-master_catkin/catkim_ws/devel/share/common-lisp/ros/BagFromImages/msg/KeyPoints.lisp
Linked: (/home/emslab/BagFromImages-master_catkin/catkim_ws/devel/.private/BagFromImages/share/common-lisp/ros/BagFromImages/msg/_package_Descriptor.lisp, /home/emslab/BagFromImages-master_catkin/catkim_ws/devel/share/common-lisp/ros/BagFromImages/msg/_package_Descriptor.lisp)
Symlinking /home/emslab/BagFromImages-master_catkin/catkim_ws/devel/share/common-lisp/ros/BagFromImages/msg/_package_KeyPoints.lisp
Linked: (/home/emslab/BagFromImages-master_catkin/catkim_ws/devel/.private/BagFromImages/share/common-lisp/ros/BagFromImages/msg/KeyPoint.lisp, /home/emslab/BagFromImages-master_catkin/catkim_ws/devel/share/common-lisp/ros/BagFromImages/msg/KeyPoint.lisp)
Linked: (/home/emslab/BagFromImages-master_catkin/catkim_ws/devel/.private/BagFromImages/share/common-lisp/ros/BagFromImages/msg/_package.lisp, /home/emslab/BagFromImages-master_catkin/catkim_ws/devel/share/common-lisp/ros/BagFromImages/msg/_package.lisp)
Linked: (/home/emslab/BagFromImages-master_catkin/catkim_ws/devel/.private/BagFromImages/share/common-lisp/ros/BagFromImages/msg/Point2f.lisp, /home/emslab/BagFromImages-master_catkin/catkim_ws/devel/share/common-lisp/ros/BagFromImages/msg/Point2f.lisp)
Linked: (/home/emslab/BagFromImages-master_catkin/catkim_ws/devel/.private/BagFromImages/share/common-lisp/ros/BagFromImages/msg/Descriptor.lisp, /home/emslab/BagFromImages-master_catkin/catkim_ws/devel/share/common-lisp/ros/BagFromImages/msg/Descriptor.lisp)
Linked: (/home/emslab/BagFromImages-master_catkin/catkim_ws/devel/.private/BagFromImages/share/common-lisp/ros/BagFromImages/msg/_package_Point2f.lisp, /home/emslab/BagFromImages-master_catkin/catkim_ws/devel/share/common-lisp/ros/BagFromImages/msg/_package_Point2f.lisp)
Linked: (/home/emslab/BagFromImages-master_catkin/catkim_ws/devel/.private/BagFromImages/share/common-lisp/ros/BagFromImages/msg/_package_GlobalDescriptor.lisp, /home/emslab/BagFromImages-master_catkin/catkim_ws/devel/share/common-lisp/ros/BagFromImages/msg/_package_GlobalDescriptor.lisp)
Linked: (/home/emslab/BagFromImages-master_catkin/catkim_ws/devel/.private/BagFromImages/share/common-lisp/ros/BagFromImages/msg/GlobalDescriptor.lisp, /home/emslab/BagFromImages-master_catkin/catkim_ws/devel/share/common-lisp/ros/BagFromImages/msg/GlobalDescriptor.lisp)
Linked: (/home/emslab/BagFromImages-master_catkin/catkim_ws/devel/.private/BagFromImages/share/common-lisp/ros/BagFromImages/msg/BagFromImages-msg.asd, /home/emslab/BagFromImages-master_catkin/catkim_ws/devel/share/common-lisp/ros/BagFromImages/msg/BagFromImages-msg.asd)
Linked: (/home/emslab/BagFromImages-master_catkin/catkim_ws/devel/.private/BagFromImages/share/roseus/ros/BagFromImages/manifest.l, /home/emslab/BagFromImages-master_catkin/catkim_ws/devel/share/roseus/ros/BagFromImages/manifest.l)
Linked: (/home/emslab/BagFromImages-master_catkin/catkim_ws/devel/.private/BagFromImages/share/roseus/ros/BagFromImages/msg/Point2f.l, /home/emslab/BagFromImages-master_catkin/catkim_ws/devel/share/roseus/ros/BagFromImages/msg/Point2f.l)
Linked: (/home/emslab/BagFromImages-master_catkin/catkim_ws/devel/.private/BagFromImages/share/roseus/ros/BagFromImages/msg/Descriptor.l, /home/emslab/BagFromImages-master_catkin/catkim_ws/devel/share/roseus/ros/BagFromImages/msg/Descriptor.l)
Linked: (/home/emslab/BagFromImages-master_catkin/catkim_ws/devel/.private/BagFromImages/share/roseus/ros/BagFromImages/msg/GlobalDescriptor.l, /home/emslab/BagFromImages-master_catkin/catkim_ws/devel/share/roseus/ros/BagFromImages/msg/GlobalDescriptor.l)
Symlinking /home/emslab/BagFromImages-master_catkin/catkim_ws/devel/share/roseus/ros/BagFromImages/msg/KeyPoints.l
Linked: (/home/emslab/BagFromImages-master_catkin/catkim_ws/devel/.private/BagFromImages/share/roseus/ros/BagFromImages/msg/KeyPoint.l, /home/emslab/BagFromImages-master_catkin/catkim_ws/devel/share/roseus/ros/BagFromImages/msg/KeyPoint.l)
Linked: (/home/emslab/BagFromImages-master_catkin/catkim_ws/devel/.private/BagFromImages/share/BagFromImages/cmake/BagFromImagesConfig.cmake, /home/emslab/BagFromImages-master_catkin/catkim_ws/devel/share/BagFromImages/cmake/BagFromImagesConfig.cmake)
Linked: (/home/emslab/BagFromImages-master_catkin/catkim_ws/devel/.private/BagFromImages/share/BagFromImages/cmake/BagFromImages-msg-extras.cmake, /home/emslab/BagFromImages-master_catkin/catkim_ws/devel/share/BagFromImages/cmake/BagFromImages-msg-extras.cmake)
Linked: (/home/emslab/BagFromImages-master_catkin/catkim_ws/devel/.private/BagFromImages/share/BagFromImages/cmake/BagFromImagesConfig-version.cmake, /home/emslab/BagFromImages-master_catkin/catkim_ws/devel/share/BagFromImages/cmake/BagFromImagesConfig-version.cmake)
Linked: (/home/emslab/BagFromImages-master_catkin/catkim_ws/devel/.private/BagFromImages/share/BagFromImages/cmake/BagFromImages-msg-paths.cmake, /home/emslab/BagFromImages-master_catkin/catkim_ws/devel/share/BagFromImages/cmake/BagFromImages-msg-paths.cmake)
Linked: (/home/emslab/BagFromImages-master_catkin/catkim_ws/devel/.private/BagFromImages/include/BagFromImages/Point2f.h, /home/emslab/BagFromImages-master_catkin/catkim_ws/devel/include/BagFromImages/Point2f.h)
Linked: (/home/emslab/BagFromImages-master_catkin/catkim_ws/devel/.private/BagFromImages/include/BagFromImages/KeyPoint.h, /home/emslab/BagFromImages-master_catkin/catkim_ws/devel/include/BagFromImages/KeyPoint.h)
Linked: (/home/emslab/BagFromImages-master_catkin/catkim_ws/devel/.private/BagFromImages/include/BagFromImages/Descriptor.h, /home/emslab/BagFromImages-master_catkin/catkim_ws/devel/include/BagFromImages/Descriptor.h)
Symlinking /home/emslab/BagFromImages-master_catkin/catkim_ws/devel/include/BagFromImages/KeyPoints.h
Linked: (/home/emslab/BagFromImages-master_catkin/catkim_ws/devel/.private/BagFromImages/include/BagFromImages/GlobalDescriptor.h, /home/emslab/BagFromImages-master_catkin/catkim_ws/devel/include/BagFromImages/GlobalDescriptor.h)
