[01m[K/home/emslab/BagFromImages-master_catkin/catkim_ws/src/BagFromImages-master/main.cc:19:46:[m[K [01;31m[Kerror: [m[K‘[01m[Krtabmap_ros[m[K’ has not been declared
   19 | void keypointToROS(const cv::KeyPoint & kpt, [01;31m[Krtabmap_ros[m[K::KeyPoint & msg)
      |                                              [01;31m[K^~~~~~~~~~~[m[K
[01m[K/home/emslab/BagFromImages-master_catkin/catkim_ws/src/BagFromImages-master/main.cc:19:68:[m[K [01;31m[Kerror: [m[Kexpected ‘[01m[K,[m[K’ or ‘[01m[K...[m[K’ before ‘[01m[K&[m[K’ token
   19 | void keypointToROS(const cv::KeyPoint & kpt, rtabmap_ros::KeyPoint [01;31m[K&[m[K msg)
      |                                                                    [01;31m[K^[m[K
[01m[K/home/emslab/BagFromImages-master_catkin/catkim_ws/src/BagFromImages-master/main.cc:[m[K In function ‘[01m[Kvoid keypointToROS(const cv::KeyPoint&, int)[m[K’:
[01m[K/home/emslab/BagFromImages-master_catkin/catkim_ws/src/BagFromImages-master/main.cc:21:2:[m[K [01;31m[Kerror: [m[K‘[01m[Kmsg[m[K’ was not declared in this scope
   21 |  [01;31m[Kmsg[m[K.angle = kpt.angle;
      |  [01;31m[K^~~[m[K
[01m[K/home/emslab/BagFromImages-master_catkin/catkim_ws/src/BagFromImages-master/main.cc:[m[K At global scope:
[01m[K/home/emslab/BagFromImages-master_catkin/catkim_ws/src/BagFromImages-master/main.cc:30:73:[m[K [01;31m[Kerror: [m[K‘[01m[Krtabmap_ros[m[K’ was not declared in this scope
   30 | void keypointsToROS(const std::vector<cv::KeyPoint> & kpts, std::vector<[01;31m[Krtabmap_ros[m[K::KeyPoint> & msg)
      |                                                                         [01;31m[K^~~~~~~~~~~[m[K
[01m[K/home/emslab/BagFromImages-master_catkin/catkim_ws/src/BagFromImages-master/main.cc:30:94:[m[K [01;31m[Kerror: [m[Ktemplate argument 1 is invalid
   30 | void keypointsToROS(const std::vector<cv::KeyPoint> & kpts, std::vector<rtabmap_ros::KeyPoint[01;31m[K>[m[K & msg)
      |                                                                                              [01;31m[K^[m[K
[01m[K/home/emslab/BagFromImages-master_catkin/catkim_ws/src/BagFromImages-master/main.cc:30:94:[m[K [01;31m[Kerror: [m[Ktemplate argument 2 is invalid
[01m[K/home/emslab/BagFromImages-master_catkin/catkim_ws/src/BagFromImages-master/main.cc:30:73:[m[K [01;31m[Kerror: [m[K‘[01m[Krtabmap_ros[m[K’ was not declared in this scope
   30 | void keypointsToROS(const std::vector<cv::KeyPoint> & kpts, std::vector<[01;31m[Krtabmap_ros[m[K::KeyPoint> & msg)
      |                                                                         [01;31m[K^~~~~~~~~~~[m[K
[01m[K/home/emslab/BagFromImages-master_catkin/catkim_ws/src/BagFromImages-master/main.cc:30:94:[m[K [01;31m[Kerror: [m[Ktemplate argument 1 is invalid
   30 | void keypointsToROS(const std::vector<cv::KeyPoint> & kpts, std::vector<rtabmap_ros::KeyPoint[01;31m[K>[m[K & msg)
      |                                                                                              [01;31m[K^[m[K
[01m[K/home/emslab/BagFromImages-master_catkin/catkim_ws/src/BagFromImages-master/main.cc:30:94:[m[K [01;31m[Kerror: [m[Ktemplate argument 2 is invalid
[01m[K/home/emslab/BagFromImages-master_catkin/catkim_ws/src/BagFromImages-master/main.cc:30:73:[m[K [01;31m[Kerror: [m[K‘[01m[Krtabmap_ros[m[K’ was not declared in this scope
   30 | void keypointsToROS(const std::vector<cv::KeyPoint> & kpts, std::vector<[01;31m[Krtabmap_ros[m[K::KeyPoint> & msg)
      |                                                                         [01;31m[K^~~~~~~~~~~[m[K
[01m[K/home/emslab/BagFromImages-master_catkin/catkim_ws/src/BagFromImages-master/main.cc:30:94:[m[K [01;31m[Kerror: [m[Ktemplate argument 1 is invalid
   30 | void keypointsToROS(const std::vector<cv::KeyPoint> & kpts, std::vector<rtabmap_ros::KeyPoint[01;31m[K>[m[K & msg)
      |                                                                                              [01;31m[K^[m[K
[01m[K/home/emslab/BagFromImages-master_catkin/catkim_ws/src/BagFromImages-master/main.cc:30:94:[m[K [01;31m[Kerror: [m[Ktemplate argument 2 is invalid
[01m[K/home/emslab/BagFromImages-master_catkin/catkim_ws/src/BagFromImages-master/main.cc:30:66:[m[K [01;31m[Kerror: [m[K‘[01m[Kstd::vector[m[K’ is not a type
   30 | void keypointsToROS(const std::vector<cv::KeyPoint> & kpts, std::[01;31m[Kvector[m[K<rtabmap_ros::KeyPoint> & msg)
      |                                                                  [01;31m[K^~~~~~[m[K
[01m[K/home/emslab/BagFromImages-master_catkin/catkim_ws/src/BagFromImages-master/main.cc:30:72:[m[K [01;31m[Kerror: [m[Kexpected ‘[01m[K,[m[K’ or ‘[01m[K...[m[K’ before ‘[01m[K<[m[K’ token
   30 | void keypointsToROS(const std::vector<cv::KeyPoint> & kpts, std::vector[01;31m[K<[m[Krtabmap_ros::KeyPoint> & msg)
      |                                                                        [01;31m[K^[m[K
[01m[K/home/emslab/BagFromImages-master_catkin/catkim_ws/src/BagFromImages-master/main.cc:[m[K In function ‘[01m[Kvoid keypointsToROS(const std::vector<cv::KeyPoint>&, int)[m[K’:
[01m[K/home/emslab/BagFromImages-master_catkin/catkim_ws/src/BagFromImages-master/main.cc:32:2:[m[K [01;31m[Kerror: [m[K‘[01m[Kmsg[m[K’ was not declared in this scope
   32 |  [01;31m[Kmsg[m[K.resize(kpts.size());
      |  [01;31m[K^~~[m[K
[01m[K/home/emslab/BagFromImages-master_catkin/catkim_ws/src/BagFromImages-master/main.cc:[m[K In function ‘[01m[Kint main(int, char**)[m[K’:
[01m[K/home/emslab/BagFromImages-master_catkin/catkim_ws/src/BagFromImages-master/main.cc:121:24:[m[K [01;31m[Kerror: [m[Kconversion from ‘[01m[Kcv::Mat[m[K’ to non-scalar type ‘[01m[KBagFromImages::KeyPoint[m[K’ {aka ‘[01m[KBagFromImages::KeyPoint_<std::allocator<void> >[m[K’} requested
  121 |         im = [01;31m[Kcv::imread(right_filenames[i],cv::IMREAD_UNCHANGED)[m[K;
      |              [01;31m[K~~~~~~~~~~^~~~~~~~~~~~~~~~~~~~~~~~~~~~~~~~~~~~~~~~~[m[K
[01m[K/home/emslab/BagFromImages-master_catkin/catkim_ws/src/BagFromImages-master/main.cc:122:25:[m[K [01;31m[Kerror: [m[Kno match for ‘[01m[Koperator=[m[K’ (operand types are ‘[01m[Kcv::Mat[m[K’ and ‘[01m[KBagFromImages::KeyPoint[m[K’ {aka ‘[01m[KBagFromImages::KeyPoint_<std::allocator<void> >[m[K’})
  122 |         cvImage.image = [01;31m[Kim[m[K;
      |                         [01;31m[K^~[m[K
In file included from [01m[K/usr/include/opencv4/opencv2/core/mat.hpp:3724[m[K,
                 from [01m[K/usr/include/opencv4/opencv2/core.hpp:59[m[K,
                 from [01m[K/usr/include/opencv4/opencv2/core/core.hpp:48[m[K,
                 from [01m[K/home/emslab/BagFromImages-master_catkin/catkim_ws/src/BagFromImages-master/main.cc:8[m[K:
[01m[K/usr/include/opencv4/opencv2/core/mat.inl.hpp:743:6:[m[K [01;36m[Knote: [m[Kcandidate: ‘[01m[Kcv::Mat& cv::Mat::operator=(const cv::Mat&)[m[K’
  743 | Mat& [01;36m[KMat[m[K::operator = (const Mat& m)
      |      [01;36m[K^~~[m[K
[01m[K/usr/include/opencv4/opencv2/core/mat.inl.hpp:743:34:[m[K [01;36m[Knote: [m[K  no known conversion for argument 1 from ‘[01m[KBagFromImages::KeyPoint[m[K’ {aka ‘[01m[KBagFromImages::KeyPoint_<std::allocator<void> >[m[K’} to ‘[01m[Kconst cv::Mat&[m[K’
  743 | Mat& Mat::operator = ([01;36m[Kconst Mat& m[m[K)
      |                       [01;36m[K~~~~~~~~~~~^[m[K
In file included from [01m[K/usr/include/opencv4/opencv2/core/mat.hpp:3724[m[K,
                 from [01m[K/usr/include/opencv4/opencv2/core.hpp:59[m[K,
                 from [01m[K/usr/include/opencv4/opencv2/core/core.hpp:48[m[K,
                 from [01m[K/home/emslab/BagFromImages-master_catkin/catkim_ws/src/BagFromImages-master/main.cc:8[m[K:
[01m[K/usr/include/opencv4/opencv2/core/mat.inl.hpp:3356:6:[m[K [01;36m[Knote: [m[Kcandidate: ‘[01m[Kcv::Mat& cv::Mat::operator=(const cv::MatExpr&)[m[K’
 3356 | Mat& [01;36m[KMat[m[K::operator = (const MatExpr& e)
      |      [01;36m[K^~~[m[K
[01m[K/usr/include/opencv4/opencv2/core/mat.inl.hpp:3356:38:[m[K [01;36m[Knote: [m[K  no known conversion for argument 1 from ‘[01m[KBagFromImages::KeyPoint[m[K’ {aka ‘[01m[KBagFromImages::KeyPoint_<std::allocator<void> >[m[K’} to ‘[01m[Kconst cv::MatExpr&[m[K’
 3356 | Mat& Mat::operator = ([01;36m[Kconst MatExpr& e[m[K)
      |                       [01;36m[K~~~~~~~~~~~~~~~^[m[K
In file included from [01m[K/usr/include/opencv4/opencv2/core.hpp:59[m[K,
                 from [01m[K/usr/include/opencv4/opencv2/core/core.hpp:48[m[K,
                 from [01m[K/home/emslab/BagFromImages-master_catkin/catkim_ws/src/BagFromImages-master/main.cc:8[m[K:
[01m[K/usr/include/opencv4/opencv2/core/mat.hpp:1241:10:[m[K [01;36m[Knote: [m[Kcandidate: ‘[01m[Kcv::Mat& cv::Mat::operator=(const Scalar&)[m[K’
 1241 |     Mat& [01;36m[Koperator[m[K = (const Scalar& s);
      |          [01;36m[K^~~~~~~~[m[K
[01m[K/usr/include/opencv4/opencv2/core/mat.hpp:1241:36:[m[K [01;36m[Knote: [m[K  no known conversion for argument 1 from ‘[01m[KBagFromImages::KeyPoint[m[K’ {aka ‘[01m[KBagFromImages::KeyPoint_<std::allocator<void> >[m[K’} to ‘[01m[Kconst Scalar&[m[K’ {aka ‘[01m[Kconst cv::Scalar_<double>&[m[K’}
 1241 |     Mat& operator = ([01;36m[Kconst Scalar& s[m[K);
      |                      [01;36m[K~~~~~~~~~~~~~~^[m[K
In file included from [01m[K/usr/include/opencv4/opencv2/core/mat.hpp:3724[m[K,
                 from [01m[K/usr/include/opencv4/opencv2/core.hpp:59[m[K,
                 from [01m[K/usr/include/opencv4/opencv2/core/core.hpp:48[m[K,
                 from [01m[K/home/emslab/BagFromImages-master_catkin/catkim_ws/src/BagFromImages-master/main.cc:8[m[K:
[01m[K/usr/include/opencv4/opencv2/core/mat.inl.hpp:1405:6:[m[K [01;36m[Knote: [m[Kcandidate: ‘[01m[Kcv::Mat& cv::Mat::operator=(cv::Mat&&)[m[K’
 1405 | Mat& [01;36m[KMat[m[K::operator = (Mat&& m)
      |      [01;36m[K^~~[m[K
[01m[K/usr/include/opencv4/opencv2/core/mat.inl.hpp:1405:29:[m[K [01;36m[Knote: [m[K  no known conversion for argument 1 from ‘[01m[KBagFromImages::KeyPoint[m[K’ {aka ‘[01m[KBagFromImages::KeyPoint_<std::allocator<void> >[m[K’} to ‘[01m[Kcv::Mat&&[m[K’
 1405 | Mat& Mat::operator = ([01;36m[KMat&& m[m[K)
      |                       [01;36m[K~~~~~~^[m[K
make[2]: *** [CMakeFiles/main.dir/build.make:66: CMakeFiles/main.dir/main.cc.o] Error 1
make[1]: *** [CMakeFiles/Makefile2:1709: CMakeFiles/main.dir/all] Error 2
make: *** [Makefile:144: all] Error 2
