[01m[K/home/emslab/BagFromImages-master_catkin/catkim_ws/src/BagFromImages-master/main.cc:39:34:[m[K [01;31m[Kerror: [m[K‘[01m[Krtabmap[m[K’ does not name a type
   39 | void globalDescriptorToROS(const [01;31m[Krtabmap[m[K::GlobalDescriptor & desc, BagFromImages::GlobalDescriptor & msg)
      |                                  [01;31m[K^~~~~~~[m[K
[01m[K/home/emslab/BagFromImages-master_catkin/catkim_ws/src/BagFromImages-master/main.cc:39:60:[m[K [01;31m[Kerror: [m[Kexpected unqualified-id before ‘[01m[K&[m[K’ token
   39 | void globalDescriptorToROS(const rtabmap::GlobalDescriptor [01;31m[K&[m[K desc, BagFromImages::GlobalDescriptor & msg)
      |                                                            [01;31m[K^[m[K
[01m[K/home/emslab/BagFromImages-master_catkin/catkim_ws/src/BagFromImages-master/main.cc:39:59:[m[K [01;31m[Kerror: [m[Kexpected ‘[01m[K)[m[K’ before ‘[01m[K&[m[K’ token
   39 | void globalDescriptorToROS[34m[K([m[Kconst rtabmap::GlobalDescriptor[01;31m[K [m[K[32m[K&[m[K desc, BagFromImages::GlobalDescriptor & msg)
      |                           [34m[K~[m[K                               [01;31m[K^[m[K[32m[K~[m[K
      |                                                           [32m[K)[m[K
[01m[K/home/emslab/BagFromImages-master_catkin/catkim_ws/src/BagFromImages-master/main.cc:39:62:[m[K [01;31m[Kerror: [m[Kexpected initializer before ‘[01m[Kdesc[m[K’
   39 | void globalDescriptorToROS(const rtabmap::GlobalDescriptor & [01;31m[Kdesc[m[K, BagFromImages::GlobalDescriptor & msg)
      |                                                              [01;31m[K^~~~[m[K
[01m[K/home/emslab/BagFromImages-master_catkin/catkim_ws/src/BagFromImages-master/main.cc:46:47:[m[K [01;31m[Kerror: [m[K‘[01m[Krtabmap[m[K’ was not declared in this scope
   46 | void globalDescriptorsToROS(const std::vector<[01;31m[Krtabmap[m[K::GlobalDescriptor> & desc, std::vector<BagFromImages::GlobalDescriptor> & msg)
      |                                               [01;31m[K^~~~~~~[m[K
[01m[K/home/emslab/BagFromImages-master_catkin/catkim_ws/src/BagFromImages-master/main.cc:46:72:[m[K [01;31m[Kerror: [m[Ktemplate argument 1 is invalid
   46 | void globalDescriptorsToROS(const std::vector<rtabmap::GlobalDescriptor[01;31m[K>[m[K & desc, std::vector<BagFromImages::GlobalDescriptor> & msg)
      |                                                                        [01;31m[K^[m[K
[01m[K/home/emslab/BagFromImages-master_catkin/catkim_ws/src/BagFromImages-master/main.cc:46:72:[m[K [01;31m[Kerror: [m[Ktemplate argument 2 is invalid
[01m[K/home/emslab/BagFromImages-master_catkin/catkim_ws/src/BagFromImages-master/main.cc:46:47:[m[K [01;31m[Kerror: [m[K‘[01m[Krtabmap[m[K’ was not declared in this scope
   46 | void globalDescriptorsToROS(const std::vector<[01;31m[Krtabmap[m[K::GlobalDescriptor> & desc, std::vector<BagFromImages::GlobalDescriptor> & msg)
      |                                               [01;31m[K^~~~~~~[m[K
[01m[K/home/emslab/BagFromImages-master_catkin/catkim_ws/src/BagFromImages-master/main.cc:46:72:[m[K [01;31m[Kerror: [m[Ktemplate argument 1 is invalid
   46 | void globalDescriptorsToROS(const std::vector<rtabmap::GlobalDescriptor[01;31m[K>[m[K & desc, std::vector<BagFromImages::GlobalDescriptor> & msg)
      |                                                                        [01;31m[K^[m[K
[01m[K/home/emslab/BagFromImages-master_catkin/catkim_ws/src/BagFromImages-master/main.cc:46:72:[m[K [01;31m[Kerror: [m[Ktemplate argument 2 is invalid
[01m[K/home/emslab/BagFromImages-master_catkin/catkim_ws/src/BagFromImages-master/main.cc:46:47:[m[K [01;31m[Kerror: [m[K‘[01m[Krtabmap[m[K’ was not declared in this scope
   46 | void globalDescriptorsToROS(const std::vector<[01;31m[Krtabmap[m[K::GlobalDescriptor> & desc, std::vector<BagFromImages::GlobalDescriptor> & msg)
      |                                               [01;31m[K^~~~~~~[m[K
[01m[K/home/emslab/BagFromImages-master_catkin/catkim_ws/src/BagFromImages-master/main.cc:46:72:[m[K [01;31m[Kerror: [m[Ktemplate argument 1 is invalid
   46 | void globalDescriptorsToROS(const std::vector<rtabmap::GlobalDescriptor[01;31m[K>[m[K & desc, std::vector<BagFromImages::GlobalDescriptor> & msg)
      |                                                                        [01;31m[K^[m[K
[01m[K/home/emslab/BagFromImages-master_catkin/catkim_ws/src/BagFromImages-master/main.cc:46:72:[m[K [01;31m[Kerror: [m[Ktemplate argument 2 is invalid
[01m[K/home/emslab/BagFromImages-master_catkin/catkim_ws/src/BagFromImages-master/main.cc:46:47:[m[K [01;31m[Kerror: [m[K‘[01m[Krtabmap[m[K’ was not declared in this scope
   46 | void globalDescriptorsToROS(const std::vector<[01;31m[Krtabmap[m[K::GlobalDescriptor> & desc, std::vector<BagFromImages::GlobalDescriptor> & msg)
      |                                               [01;31m[K^~~~~~~[m[K
[01m[K/home/emslab/BagFromImages-master_catkin/catkim_ws/src/BagFromImages-master/main.cc:46:72:[m[K [01;31m[Kerror: [m[Ktemplate argument 1 is invalid
   46 | void globalDescriptorsToROS(const std::vector<rtabmap::GlobalDescriptor[01;31m[K>[m[K & desc, std::vector<BagFromImages::GlobalDescriptor> & msg)
      |                                                                        [01;31m[K^[m[K
[01m[K/home/emslab/BagFromImages-master_catkin/catkim_ws/src/BagFromImages-master/main.cc:46:72:[m[K [01;31m[Kerror: [m[Ktemplate argument 2 is invalid
[01m[K/home/emslab/BagFromImages-master_catkin/catkim_ws/src/BagFromImages-master/main.cc:46:47:[m[K [01;31m[Kerror: [m[K‘[01m[Krtabmap[m[K’ was not declared in this scope
   46 | void globalDescriptorsToROS(const std::vector<[01;31m[Krtabmap[m[K::GlobalDescriptor> & desc, std::vector<BagFromImages::GlobalDescriptor> & msg)
      |                                               [01;31m[K^~~~~~~[m[K
[01m[K/home/emslab/BagFromImages-master_catkin/catkim_ws/src/BagFromImages-master/main.cc:46:72:[m[K [01;31m[Kerror: [m[Ktemplate argument 1 is invalid
   46 | void globalDescriptorsToROS(const std::vector<rtabmap::GlobalDescriptor[01;31m[K>[m[K & desc, std::vector<BagFromImages::GlobalDescriptor> & msg)
      |                                                                        [01;31m[K^[m[K
[01m[K/home/emslab/BagFromImages-master_catkin/catkim_ws/src/BagFromImages-master/main.cc:46:72:[m[K [01;31m[Kerror: [m[Ktemplate argument 2 is invalid
[01m[K/home/emslab/BagFromImages-master_catkin/catkim_ws/src/BagFromImages-master/main.cc:46:35:[m[K [01;31m[Kerror: [m[Kinvalid use of template-name ‘[01m[Kstd::vector[m[K’ without an argument list
   46 | void globalDescriptorsToROS(const [01;31m[Kstd[m[K::vector<rtabmap::GlobalDescriptor> & desc, std::vector<BagFromImages::GlobalDescriptor> & msg)
      |                                   [01;31m[K^~~[m[K
[01m[K/home/emslab/BagFromImages-master_catkin/catkim_ws/src/BagFromImages-master/main.cc:46:35:[m[K [01;36m[Knote: [m[Kclass template argument deduction is only available with ‘[01m[K-std=c++17[m[K’ or ‘[01m[K-std=gnu++17[m[K’
In file included from [01m[K/usr/include/c++/9/vector:67[m[K,
                 from [01m[K/usr/include/boost/math/special_functions/math_fwd.hpp:26[m[K,
                 from [01m[K/usr/include/boost/math/special_functions/round.hpp:15[m[K,
                 from [01m[K/opt/ros/noetic/include/ros/time.h:58[m[K,
                 from [01m[K/opt/ros/noetic/include/ros/ros.h:38[m[K,
                 from [01m[K/home/emslab/BagFromImages-master_catkin/catkim_ws/src/BagFromImages-master/main.cc:2[m[K:
[01m[K/usr/include/c++/9/bits/stl_vector.h:386:11:[m[K [01;36m[Knote: [m[K‘[01m[Ktemplate<class _Tp, class _Alloc> class std::vector[m[K’ declared here
  386 |     class [01;36m[Kvector[m[K : protected _Vector_base<_Tp, _Alloc>
      |           [01;36m[K^~~~~~[m[K
[01m[K/home/emslab/BagFromImages-master_catkin/catkim_ws/src/BagFromImages-master/main.cc:46:46:[m[K [01;31m[Kerror: [m[Kexpected ‘[01m[K,[m[K’ or ‘[01m[K...[m[K’ before ‘[01m[K<[m[K’ token
   46 | void globalDescriptorsToROS(const std::vector[01;31m[K<[m[Krtabmap::GlobalDescriptor> & desc, std::vector<BagFromImages::GlobalDescriptor> & msg)
      |                                              [01;31m[K^[m[K
[01m[K/home/emslab/BagFromImages-master_catkin/catkim_ws/src/BagFromImages-master/main.cc:[m[K In function ‘[01m[Kvoid globalDescriptorsToROS(int)[m[K’:
[01m[K/home/emslab/BagFromImages-master_catkin/catkim_ws/src/BagFromImages-master/main.cc:48:2:[m[K [01;31m[Kerror: [m[K‘[01m[Kmsg[m[K’ was not declared in this scope
   48 |  [01;31m[Kmsg[m[K.clear();
      |  [01;31m[K^~~[m[K
[01m[K/home/emslab/BagFromImages-master_catkin/catkim_ws/src/BagFromImages-master/main.cc:49:6:[m[K [01;31m[Kerror: [m[K‘[01m[Kdesc[m[K’ was not declared in this scope
   49 |  if(![01;31m[Kdesc[m[K.empty())
      |      [01;31m[K^~~~[m[K
[01m[K/home/emslab/BagFromImages-master_catkin/catkim_ws/src/BagFromImages-master/main.cc:54:4:[m[K [01;31m[Kerror: [m[K‘[01m[KglobalDescriptorToROS[m[K’ was not declared in this scope; did you mean ‘[01m[KglobalDescriptorsToROS[m[K’?
   54 |    [01;31m[KglobalDescriptorToROS[m[K(desc[i], msg[i]);
      |    [01;31m[K^~~~~~~~~~~~~~~~~~~~~[m[K
      |    [32m[KglobalDescriptorsToROS[m[K
make[2]: *** [CMakeFiles/main.dir/build.make:66: CMakeFiles/main.dir/main.cc.o] Error 1
make[1]: *** [CMakeFiles/Makefile2:1709: CMakeFiles/main.dir/all] Error 2
make: *** [Makefile:144: all] Error 2
