[  0%] Built target geometry_msgs_generate_messages_eus
[  0%] Built target sensor_msgs_generate_messages_eus
[  2%] Built target std_msgs_generate_messages_eus
[  6%] Built target orb_slam3_ros_wrapper_stereo_2
[ 14%] Built target orb_slam3_ros_wrapper_rgbd
[ 18%] Built target orb_slam3_ros_wrapper_mono
[ 25%] Built target orb_slam3_ros_wrapper_mono_inertial
[ 31%] Built target orb_slam3_ros_wrapper_stereo_inertial
[ 31%] Built target _orb_slam3_ros_wrapper_generate_messages_check_deps_Descriptor
[ 31%] Built target std_msgs_generate_messages_py
[ 31%] Built target sensor_msgs_generate_messages_py
[ 31%] Built target _orb_slam3_ros_wrapper_generate_messages_check_deps_KeyPoints
[ 31%] Built target geometry_msgs_generate_messages_py
[ 31%] Built target std_msgs_generate_messages_nodejs
[ 31%] Built target sensor_msgs_generate_messages_nodejs
[ 31%] Built target std_msgs_generate_messages_lisp
[ 31%] Built target geometry_msgs_generate_messages_nodejs
[ 31%] Built target _orb_slam3_ros_wrapper_generate_messages_check_deps_Point2f
[ 31%] Built target sensor_msgs_generate_messages_lisp
[ 31%] Built target geometry_msgs_generate_messages_lisp
[ 31%] Built target _orb_slam3_ros_wrapper_generate_messages_check_deps_KeyPoint
[ 31%] Built target _orb_slam3_ros_wrapper_generate_messages_check_deps_GlobalDescriptor
[ 31%] Built target sensor_msgs_generate_messages_cpp
[ 31%] Built target std_msgs_generate_messages_cpp
[ 31%] Built target geometry_msgs_generate_messages_cpp
[ 52%] Built target orb_slam3_ros_wrapper_generate_messages_nodejs
[ 52%] Built target orb_slam3_ros_wrapper_generate_messages_lisp
[ 64%] Built target orb_slam3_ros_wrapper_generate_messages_py
[ 77%] Built target orb_slam3_ros_wrapper_generate_messages_eus
[ 87%] Built target orb_slam3_ros_wrapper_generate_messages_cpp
[100%] Built target orb_slam3_ros_wrapper_stereo
[100%] Built target orb_slam3_ros_wrapper_stereo_acc
[100%] Built target orb_slam3_ros_wrapper_generate_messages
