Linked: (/home/emslab/ORB_SLAM3/catkin_ws/devel/.private/orb_slam3_ros_wrapper/lib/python3/dist-packages/orb_slam3_ros_wrapper/__init__.py, /home/emslab/ORB_SLAM3/catkin_ws/devel/lib/python3/dist-packages/orb_slam3_ros_wrapper/__init__.py)
Linked: (/home/emslab/ORB_SLAM3/catkin_ws/devel/.private/orb_slam3_ros_wrapper/lib/python3/dist-packages/orb_slam3_ros_wrapper/msg/_KeyPoint.py, /home/emslab/ORB_SLAM3/catkin_ws/devel/lib/python3/dist-packages/orb_slam3_ros_wrapper/msg/_KeyPoint.py)
Linked: (/home/emslab/ORB_SLAM3/catkin_ws/devel/.private/orb_slam3_ros_wrapper/lib/python3/dist-packages/orb_slam3_ros_wrapper/msg/_Point2f.py, /home/emslab/ORB_SLAM3/catkin_ws/devel/lib/python3/dist-packages/orb_slam3_ros_wrapper/msg/_Point2f.py)
Linked: (/home/emslab/ORB_SLAM3/catkin_ws/devel/.private/orb_slam3_ros_wrapper/lib/python3/dist-packages/orb_slam3_ros_wrapper/msg/__init__.py, /home/emslab/ORB_SLAM3/catkin_ws/devel/lib/python3/dist-packages/orb_slam3_ros_wrapper/msg/__init__.py)
Linked: (/home/emslab/ORB_SLAM3/catkin_ws/devel/.private/orb_slam3_ros_wrapper/lib/python3/dist-packages/orb_slam3_ros_wrapper/msg/_GlobalDescriptor.py, /home/emslab/ORB_SLAM3/catkin_ws/devel/lib/python3/dist-packages/orb_slam3_ros_wrapper/msg/_GlobalDescriptor.py)
Linked: (/home/emslab/ORB_SLAM3/catkin_ws/devel/.private/orb_slam3_ros_wrapper/lib/python3/dist-packages/orb_slam3_ros_wrapper/msg/_Descriptor.py, /home/emslab/ORB_SLAM3/catkin_ws/devel/lib/python3/dist-packages/orb_slam3_ros_wrapper/msg/_Descriptor.py)
Linked: (/home/emslab/ORB_SLAM3/catkin_ws/devel/.private/orb_slam3_ros_wrapper/lib/python3/dist-packages/orb_slam3_ros_wrapper/msg/_KeyPoints.py, /home/emslab/ORB_SLAM3/catkin_ws/devel/lib/python3/dist-packages/orb_slam3_ros_wrapper/msg/_KeyPoints.py)
Linked: (/home/emslab/ORB_SLAM3/catkin_ws/devel/.private/orb_slam3_ros_wrapper/lib/pkgconfig/orb_slam3_ros_wrapper.pc, /home/emslab/ORB_SLAM3/catkin_ws/devel/lib/pkgconfig/orb_slam3_ros_wrapper.pc)
Linked: (/home/emslab/ORB_SLAM3/catkin_ws/devel/.private/orb_slam3_ros_wrapper/lib/orb_slam3_ros_wrapper/orb_slam3_ros_wrapper_mono_inertial, /home/emslab/ORB_SLAM3/catkin_ws/devel/lib/orb_slam3_ros_wrapper/orb_slam3_ros_wrapper_mono_inertial)
Linked: (/home/emslab/ORB_SLAM3/catkin_ws/devel/.private/orb_slam3_ros_wrapper/lib/orb_slam3_ros_wrapper/orb_slam3_ros_wrapper_mono, /home/emslab/ORB_SLAM3/catkin_ws/devel/lib/orb_slam3_ros_wrapper/orb_slam3_ros_wrapper_mono)
Linked: (/home/emslab/ORB_SLAM3/catkin_ws/devel/.private/orb_slam3_ros_wrapper/lib/orb_slam3_ros_wrapper/orb_slam3_ros_wrapper_stereo_inertial, /home/emslab/ORB_SLAM3/catkin_ws/devel/lib/orb_slam3_ros_wrapper/orb_slam3_ros_wrapper_stereo_inertial)
Linked: (/home/emslab/ORB_SLAM3/catkin_ws/devel/.private/orb_slam3_ros_wrapper/lib/orb_slam3_ros_wrapper/orb_slam3_ros_wrapper_stereo_acc, /home/emslab/ORB_SLAM3/catkin_ws/devel/lib/orb_slam3_ros_wrapper/orb_slam3_ros_wrapper_stereo_acc)
Linked: (/home/emslab/ORB_SLAM3/catkin_ws/devel/.private/orb_slam3_ros_wrapper/lib/orb_slam3_ros_wrapper/orb_slam3_ros_wrapper_stereo, /home/emslab/ORB_SLAM3/catkin_ws/devel/lib/orb_slam3_ros_wrapper/orb_slam3_ros_wrapper_stereo)
Linked: (/home/emslab/ORB_SLAM3/catkin_ws/devel/.private/orb_slam3_ros_wrapper/lib/orb_slam3_ros_wrapper/orb_slam3_ros_wrapper_stereo_2, /home/emslab/ORB_SLAM3/catkin_ws/devel/lib/orb_slam3_ros_wrapper/orb_slam3_ros_wrapper_stereo_2)
Linked: (/home/emslab/ORB_SLAM3/catkin_ws/devel/.private/orb_slam3_ros_wrapper/lib/orb_slam3_ros_wrapper/orb_slam3_ros_wrapper_rgbd, /home/emslab/ORB_SLAM3/catkin_ws/devel/lib/orb_slam3_ros_wrapper/orb_slam3_ros_wrapper_rgbd)
Linked: (/home/emslab/ORB_SLAM3/catkin_ws/devel/.private/orb_slam3_ros_wrapper/share/gennodejs/ros/orb_slam3_ros_wrapper/_index.js, /home/emslab/ORB_SLAM3/catkin_ws/devel/share/gennodejs/ros/orb_slam3_ros_wrapper/_index.js)
Linked: (/home/emslab/ORB_SLAM3/catkin_ws/devel/.private/orb_slam3_ros_wrapper/share/gennodejs/ros/orb_slam3_ros_wrapper/msg/KeyPoints.js, /home/emslab/ORB_SLAM3/catkin_ws/devel/share/gennodejs/ros/orb_slam3_ros_wrapper/msg/KeyPoints.js)
Linked: (/home/emslab/ORB_SLAM3/catkin_ws/devel/.private/orb_slam3_ros_wrapper/share/gennodejs/ros/orb_slam3_ros_wrapper/msg/Descriptor.js, /home/emslab/ORB_SLAM3/catkin_ws/devel/share/gennodejs/ros/orb_slam3_ros_wrapper/msg/Descriptor.js)
Linked: (/home/emslab/ORB_SLAM3/catkin_ws/devel/.private/orb_slam3_ros_wrapper/share/gennodejs/ros/orb_slam3_ros_wrapper/msg/Point2f.js, /home/emslab/ORB_SLAM3/catkin_ws/devel/share/gennodejs/ros/orb_slam3_ros_wrapper/msg/Point2f.js)
Linked: (/home/emslab/ORB_SLAM3/catkin_ws/devel/.private/orb_slam3_ros_wrapper/share/gennodejs/ros/orb_slam3_ros_wrapper/msg/GlobalDescriptor.js, /home/emslab/ORB_SLAM3/catkin_ws/devel/share/gennodejs/ros/orb_slam3_ros_wrapper/msg/GlobalDescriptor.js)
Linked: (/home/emslab/ORB_SLAM3/catkin_ws/devel/.private/orb_slam3_ros_wrapper/share/gennodejs/ros/orb_slam3_ros_wrapper/msg/_index.js, /home/emslab/ORB_SLAM3/catkin_ws/devel/share/gennodejs/ros/orb_slam3_ros_wrapper/msg/_index.js)
Linked: (/home/emslab/ORB_SLAM3/catkin_ws/devel/.private/orb_slam3_ros_wrapper/share/gennodejs/ros/orb_slam3_ros_wrapper/msg/KeyPoint.js, /home/emslab/ORB_SLAM3/catkin_ws/devel/share/gennodejs/ros/orb_slam3_ros_wrapper/msg/KeyPoint.js)
Linked: (/home/emslab/ORB_SLAM3/catkin_ws/devel/.private/orb_slam3_ros_wrapper/share/common-lisp/ros/orb_slam3_ros_wrapper/msg/orb_slam3_ros_wrapper-msg.asd, /home/emslab/ORB_SLAM3/catkin_ws/devel/share/common-lisp/ros/orb_slam3_ros_wrapper/msg/orb_slam3_ros_wrapper-msg.asd)
Linked: (/home/emslab/ORB_SLAM3/catkin_ws/devel/.private/orb_slam3_ros_wrapper/share/common-lisp/ros/orb_slam3_ros_wrapper/msg/_package_KeyPoint.lisp, /home/emslab/ORB_SLAM3/catkin_ws/devel/share/common-lisp/ros/orb_slam3_ros_wrapper/msg/_package_KeyPoint.lisp)
Linked: (/home/emslab/ORB_SLAM3/catkin_ws/devel/.private/orb_slam3_ros_wrapper/share/common-lisp/ros/orb_slam3_ros_wrapper/msg/KeyPoints.lisp, /home/emslab/ORB_SLAM3/catkin_ws/devel/share/common-lisp/ros/orb_slam3_ros_wrapper/msg/KeyPoints.lisp)
Linked: (/home/emslab/ORB_SLAM3/catkin_ws/devel/.private/orb_slam3_ros_wrapper/share/common-lisp/ros/orb_slam3_ros_wrapper/msg/_package_Descriptor.lisp, /home/emslab/ORB_SLAM3/catkin_ws/devel/share/common-lisp/ros/orb_slam3_ros_wrapper/msg/_package_Descriptor.lisp)
Linked: (/home/emslab/ORB_SLAM3/catkin_ws/devel/.private/orb_slam3_ros_wrapper/share/common-lisp/ros/orb_slam3_ros_wrapper/msg/_package_KeyPoints.lisp, /home/emslab/ORB_SLAM3/catkin_ws/devel/share/common-lisp/ros/orb_slam3_ros_wrapper/msg/_package_KeyPoints.lisp)
Linked: (/home/emslab/ORB_SLAM3/catkin_ws/devel/.private/orb_slam3_ros_wrapper/share/common-lisp/ros/orb_slam3_ros_wrapper/msg/KeyPoint.lisp, /home/emslab/ORB_SLAM3/catkin_ws/devel/share/common-lisp/ros/orb_slam3_ros_wrapper/msg/KeyPoint.lisp)
Linked: (/home/emslab/ORB_SLAM3/catkin_ws/devel/.private/orb_slam3_ros_wrapper/share/common-lisp/ros/orb_slam3_ros_wrapper/msg/_package.lisp, /home/emslab/ORB_SLAM3/catkin_ws/devel/share/common-lisp/ros/orb_slam3_ros_wrapper/msg/_package.lisp)
Linked: (/home/emslab/ORB_SLAM3/catkin_ws/devel/.private/orb_slam3_ros_wrapper/share/common-lisp/ros/orb_slam3_ros_wrapper/msg/Point2f.lisp, /home/emslab/ORB_SLAM3/catkin_ws/devel/share/common-lisp/ros/orb_slam3_ros_wrapper/msg/Point2f.lisp)
Linked: (/home/emslab/ORB_SLAM3/catkin_ws/devel/.private/orb_slam3_ros_wrapper/share/common-lisp/ros/orb_slam3_ros_wrapper/msg/Descriptor.lisp, /home/emslab/ORB_SLAM3/catkin_ws/devel/share/common-lisp/ros/orb_slam3_ros_wrapper/msg/Descriptor.lisp)
Linked: (/home/emslab/ORB_SLAM3/catkin_ws/devel/.private/orb_slam3_ros_wrapper/share/common-lisp/ros/orb_slam3_ros_wrapper/msg/_package_Point2f.lisp, /home/emslab/ORB_SLAM3/catkin_ws/devel/share/common-lisp/ros/orb_slam3_ros_wrapper/msg/_package_Point2f.lisp)
Linked: (/home/emslab/ORB_SLAM3/catkin_ws/devel/.private/orb_slam3_ros_wrapper/share/common-lisp/ros/orb_slam3_ros_wrapper/msg/_package_GlobalDescriptor.lisp, /home/emslab/ORB_SLAM3/catkin_ws/devel/share/common-lisp/ros/orb_slam3_ros_wrapper/msg/_package_GlobalDescriptor.lisp)
Linked: (/home/emslab/ORB_SLAM3/catkin_ws/devel/.private/orb_slam3_ros_wrapper/share/common-lisp/ros/orb_slam3_ros_wrapper/msg/GlobalDescriptor.lisp, /home/emslab/ORB_SLAM3/catkin_ws/devel/share/common-lisp/ros/orb_slam3_ros_wrapper/msg/GlobalDescriptor.lisp)
Linked: (/home/emslab/ORB_SLAM3/catkin_ws/devel/.private/orb_slam3_ros_wrapper/share/orb_slam3_ros_wrapper/cmake/orb_slam3_ros_wrapperConfig.cmake, /home/emslab/ORB_SLAM3/catkin_ws/devel/share/orb_slam3_ros_wrapper/cmake/orb_slam3_ros_wrapperConfig.cmake)
Linked: (/home/emslab/ORB_SLAM3/catkin_ws/devel/.private/orb_slam3_ros_wrapper/share/orb_slam3_ros_wrapper/cmake/orb_slam3_ros_wrapperConfig-version.cmake, /home/emslab/ORB_SLAM3/catkin_ws/devel/share/orb_slam3_ros_wrapper/cmake/orb_slam3_ros_wrapperConfig-version.cmake)
Linked: (/home/emslab/ORB_SLAM3/catkin_ws/devel/.private/orb_slam3_ros_wrapper/share/orb_slam3_ros_wrapper/cmake/orb_slam3_ros_wrapper-msg-extras.cmake, /home/emslab/ORB_SLAM3/catkin_ws/devel/share/orb_slam3_ros_wrapper/cmake/orb_slam3_ros_wrapper-msg-extras.cmake)
Linked: (/home/emslab/ORB_SLAM3/catkin_ws/devel/.private/orb_slam3_ros_wrapper/share/orb_slam3_ros_wrapper/cmake/orb_slam3_ros_wrapper-msg-paths.cmake, /home/emslab/ORB_SLAM3/catkin_ws/devel/share/orb_slam3_ros_wrapper/cmake/orb_slam3_ros_wrapper-msg-paths.cmake)
Linked: (/home/emslab/ORB_SLAM3/catkin_ws/devel/.private/orb_slam3_ros_wrapper/share/roseus/ros/orb_slam3_ros_wrapper/manifest.l, /home/emslab/ORB_SLAM3/catkin_ws/devel/share/roseus/ros/orb_slam3_ros_wrapper/manifest.l)
Linked: (/home/emslab/ORB_SLAM3/catkin_ws/devel/.private/orb_slam3_ros_wrapper/share/roseus/ros/orb_slam3_ros_wrapper/msg/Point2f.l, /home/emslab/ORB_SLAM3/catkin_ws/devel/share/roseus/ros/orb_slam3_ros_wrapper/msg/Point2f.l)
Linked: (/home/emslab/ORB_SLAM3/catkin_ws/devel/.private/orb_slam3_ros_wrapper/share/roseus/ros/orb_slam3_ros_wrapper/msg/Descriptor.l, /home/emslab/ORB_SLAM3/catkin_ws/devel/share/roseus/ros/orb_slam3_ros_wrapper/msg/Descriptor.l)
Linked: (/home/emslab/ORB_SLAM3/catkin_ws/devel/.private/orb_slam3_ros_wrapper/share/roseus/ros/orb_slam3_ros_wrapper/msg/GlobalDescriptor.l, /home/emslab/ORB_SLAM3/catkin_ws/devel/share/roseus/ros/orb_slam3_ros_wrapper/msg/GlobalDescriptor.l)
Linked: (/home/emslab/ORB_SLAM3/catkin_ws/devel/.private/orb_slam3_ros_wrapper/share/roseus/ros/orb_slam3_ros_wrapper/msg/KeyPoints.l, /home/emslab/ORB_SLAM3/catkin_ws/devel/share/roseus/ros/orb_slam3_ros_wrapper/msg/KeyPoints.l)
Linked: (/home/emslab/ORB_SLAM3/catkin_ws/devel/.private/orb_slam3_ros_wrapper/share/roseus/ros/orb_slam3_ros_wrapper/msg/KeyPoint.l, /home/emslab/ORB_SLAM3/catkin_ws/devel/share/roseus/ros/orb_slam3_ros_wrapper/msg/KeyPoint.l)
Linked: (/home/emslab/ORB_SLAM3/catkin_ws/devel/.private/orb_slam3_ros_wrapper/include/orb_slam3_ros_wrapper/Point2f.h, /home/emslab/ORB_SLAM3/catkin_ws/devel/include/orb_slam3_ros_wrapper/Point2f.h)
Linked: (/home/emslab/ORB_SLAM3/catkin_ws/devel/.private/orb_slam3_ros_wrapper/include/orb_slam3_ros_wrapper/KeyPoint.h, /home/emslab/ORB_SLAM3/catkin_ws/devel/include/orb_slam3_ros_wrapper/KeyPoint.h)
Linked: (/home/emslab/ORB_SLAM3/catkin_ws/devel/.private/orb_slam3_ros_wrapper/include/orb_slam3_ros_wrapper/Descriptor.h, /home/emslab/ORB_SLAM3/catkin_ws/devel/include/orb_slam3_ros_wrapper/Descriptor.h)
Linked: (/home/emslab/ORB_SLAM3/catkin_ws/devel/.private/orb_slam3_ros_wrapper/include/orb_slam3_ros_wrapper/KeyPoints.h, /home/emslab/ORB_SLAM3/catkin_ws/devel/include/orb_slam3_ros_wrapper/KeyPoints.h)
Linked: (/home/emslab/ORB_SLAM3/catkin_ws/devel/.private/orb_slam3_ros_wrapper/include/orb_slam3_ros_wrapper/GlobalDescriptor.h, /home/emslab/ORB_SLAM3/catkin_ws/devel/include/orb_slam3_ros_wrapper/GlobalDescriptor.h)
