CMake Warning (dev) at CMakeLists.txt:2 (project):
  Policy CMP0048 is not set: project() command manages VERSION variables.
  Run "cmake --help-policy CMP0048" for policy details.  Use the cmake_policy
  command to set the policy and suppress this warning.

  The following variable(s) would be set to empty:

    CMAKE_PROJECT_VERSION
    CMAKE_PROJECT_VERSION_MAJOR
    CMAKE_PROJECT_VERSION_MINOR
    CMAKE_PROJECT_VERSION_PATCH
This warning is for project developers.  Use -Wno-dev to suppress it.

OPENCV VERSION:
4.4.0
Eigen3 VERSION:
3.3.7
[31m[1mCMake Error[0m at /home/emslab/ORB_SLAM3/catkin_ws/src/orb_slam3_ros_wrapper/CMakeLists.txt:115 (add_executable):
  Cannot find source file:

    src/stereo_node_2_acc.cc

  Tried extensions .c .C .c++ .cc .cpp .cxx .cu .m .M .mm .h .hh .h++ .hm
  .hpp .hxx .in .txx


[31m[1mCMake Error[0m at /home/emslab/ORB_SLAM3/catkin_ws/src/orb_slam3_ros_wrapper/CMakeLists.txt:115 (add_executable):
  No SOURCES given to target: orb_slam3_ros_wrapper_stereo_2_acc


CMake Generate step failed.  Build files cannot be regenerated correctly.
make: *** [Makefile:1483: cmake_check_build_system] Error 1
