CMake Warning (dev) at CMakeLists.txt:2 (project):
  Policy CMP0048 is not set: project() command manages VERSION variables.
  Run "cmake --help-policy CMP0048" for policy details.  Use the cmake_policy
  command to set the policy and suppress this warning.

  The following variable(s) would be set to empty:

    CMAKE_PROJECT_VERSION
    CMAKE_PROJECT_VERSION_MAJOR
    CMAKE_PROJECT_VERSION_MINOR
    CMAKE_PROJECT_VERSION_PATCH
This warning is for project developers.  Use -Wno-dev to suppress it.

OPENCV VERSION:
4.4.0
Eigen3 VERSION:
3.3.7
[31m[1mCMake Error[0m at /home/emslab/ORB_SLAM3/catkin_ws/build/orb_slam3_ros_wrapper/cmake/orb_slam3_ros_wrapper-genmsg.cmake:3 (message):
  Could not find messages which
  '/home/emslab/ORB_SLAM3/catkin_ws/src/orb_slam3_ros_wrapper/msg/KeyPoint.msg'
  depends on.  Did you forget to specify generate_messages(DEPENDENCIES ...)?

  Cannot locate message [Point2f] in package [orb_slam3_ros_wrapper] with
  paths [['/home/emslab/ORB_SLAM3/catkin_ws/src/orb_slam3_ros_wrapper/msg']]
[36mCall Stack (most recent call first):[0m
  /opt/ros/noetic/share/genmsg/cmake/genmsg-extras.cmake:307 (include)
  CMakeLists.txt:43 (generate_messages)


make: *** [Makefile:1259: cmake_check_build_system] Error 1
